{"/Users/ayaliz01/Documents/_Projects/_ay/credit-cards-service/src/router.js": {"path":"/Users/ayaliz01/Documents/_Projects/_ay/credit-cards-service/src/router.js","statementMap":{"0":{"start":{"line":1,"column":19},"end":{"line":1,"column":37}},"1":{"start":{"line":3,"column":25},"end":{"line":3,"column":67}},"2":{"start":{"line":4,"column":15},"end":{"line":4,"column":23}},"3":{"start":{"line":7,"column":0},"end":{"line":9,"column":3}},"4":{"start":{"line":8,"column":3},"end":{"line":8,"column":17}},"5":{"start":{"line":11,"column":0},"end":{"line":11,"column":44}},"6":{"start":{"line":13,"column":0},"end":{"line":13,"column":24}}},"fnMap":{"0":{"name":"(anonymous_0)","decl":{"start":{"line":7,"column":28},"end":{"line":7,"column":29}},"loc":{"start":{"line":7,"column":48},"end":{"line":9,"column":1}},"line":7}},"branchMap":{},"s":{"0":2,"1":2,"2":2,"3":2,"4":1,"5":2,"6":2},"f":{"0":1},"b":{},"_coverageSchema":"332fd63041d2c1bcb487cc26dd0d5f7d97098a6c","hash":"66f61b69ee3edfea6eb54b2d7640ee1281d7008a"}
,"/Users/ayaliz01/Documents/_Projects/_ay/credit-cards-service/src/server.js": {"path":"/Users/ayaliz01/Documents/_Projects/_ay/credit-cards-service/src/server.js","statementMap":{"0":{"start":{"line":1,"column":16},"end":{"line":1,"column":34}},"1":{"start":{"line":2,"column":19},"end":{"line":2,"column":41}},"2":{"start":{"line":4,"column":15},"end":{"line":4,"column":34}},"3":{"start":{"line":5,"column":15},"end":{"line":5,"column":34}},"4":{"start":{"line":8,"column":12},"end":{"line":8,"column":21}},"5":{"start":{"line":10,"column":0},"end":{"line":10,"column":27}},"6":{"start":{"line":11,"column":0},"end":{"line":11,"column":34}},"7":{"start":{"line":13,"column":0},"end":{"line":13,"column":21}}},"fnMap":{},"branchMap":{},"s":{"0":2,"1":2,"2":2,"3":2,"4":2,"5":2,"6":2,"7":2},"f":{},"b":{},"_coverageSchema":"332fd63041d2c1bcb487cc26dd0d5f7d97098a6c","hash":"7143ce39e11460b806b91144cfcb99acf44fab31"}
,"/Users/ayaliz01/Documents/_Projects/_ay/credit-cards-service/src/config/index.js": {"path":"/Users/ayaliz01/Documents/_Projects/_ay/credit-cards-service/src/config/index.js","statementMap":{"0":{"start":{"line":1,"column":15},"end":{"line":1,"column":32}},"1":{"start":{"line":4,"column":0},"end":{"line":8,"column":1}},"2":{"start":{"line":5,"column":3},"end":{"line":5,"column":40}},"3":{"start":{"line":7,"column":3},"end":{"line":7,"column":19}},"4":{"start":{"line":10,"column":0},"end":{"line":13,"column":1}}},"fnMap":{},"branchMap":{"0":{"loc":{"start":{"line":4,"column":0},"end":{"line":8,"column":1}},"type":"if","locations":[{"start":{"line":4,"column":0},"end":{"line":8,"column":1}},{"start":{"line":4,"column":0},"end":{"line":8,"column":1}}],"line":4}},"s":{"0":2,"1":2,"2":2,"3":0,"4":2},"f":{},"b":{"0":[2,0]},"_coverageSchema":"332fd63041d2c1bcb487cc26dd0d5f7d97098a6c","hash":"f2fbb48731f825b9f85a6710dbc4d179ba800545"}
,"/Users/ayaliz01/Documents/_Projects/_ay/credit-cards-service/src/controllers/creditCard/creditCardController.js": {"path":"/Users/ayaliz01/Documents/_Projects/_ay/credit-cards-service/src/controllers/creditCard/creditCardController.js","statementMap":{"0":{"start":{"line":1,"column":24},"end":{"line":1,"column":55}},"1":{"start":{"line":2,"column":29},"end":{"line":2,"column":90}},"2":{"start":{"line":5,"column":0},"end":{"line":9,"column":1}},"3":{"start":{"line":6,"column":23},"end":{"line":6,"column":52}},"4":{"start":{"line":8,"column":3},"end":{"line":8,"column":42}},"5":{"start":{"line":11,"column":0},"end":{"line":17,"column":1}},"6":{"start":{"line":12,"column":22},"end":{"line":12,"column":30}},"7":{"start":{"line":14,"column":23},"end":{"line":14,"column":62}},"8":{"start":{"line":16,"column":3},"end":{"line":16,"column":40}}},"fnMap":{"0":{"name":"(anonymous_0)","decl":{"start":{"line":5,"column":24},"end":{"line":5,"column":25}},"loc":{"start":{"line":5,"column":49},"end":{"line":9,"column":1}},"line":5},"1":{"name":"(anonymous_1)","decl":{"start":{"line":11,"column":24},"end":{"line":11,"column":25}},"loc":{"start":{"line":11,"column":49},"end":{"line":17,"column":1}},"line":11}},"branchMap":{},"s":{"0":2,"1":2,"2":2,"3":2,"4":2,"5":2,"6":1,"7":1,"8":1},"f":{"0":2,"1":1},"b":{},"_coverageSchema":"332fd63041d2c1bcb487cc26dd0d5f7d97098a6c","hash":"e18ac2792dd9d74276028cb729ea94e971e677df"}
,"/Users/ayaliz01/Documents/_Projects/_ay/credit-cards-service/src/controllers/creditCard/routes.js": {"path":"/Users/ayaliz01/Documents/_Projects/_ay/credit-cards-service/src/controllers/creditCard/routes.js","statementMap":{"0":{"start":{"line":1,"column":19},"end":{"line":1,"column":37}},"1":{"start":{"line":2,"column":42},"end":{"line":2,"column":76}},"2":{"start":{"line":4,"column":20},"end":{"line":4,"column":44}},"3":{"start":{"line":5,"column":26},"end":{"line":5,"column":72}},"4":{"start":{"line":6,"column":29},"end":{"line":6,"column":62}},"5":{"start":{"line":9,"column":15},"end":{"line":9,"column":23}},"6":{"start":{"line":11,"column":0},"end":{"line":13,"column":37}},"7":{"start":{"line":15,"column":0},"end":{"line":21,"column":5}},"8":{"start":{"line":24,"column":0},"end":{"line":24,"column":24}}},"fnMap":{},"branchMap":{},"s":{"0":2,"1":2,"2":2,"3":2,"4":2,"5":2,"6":2,"7":2,"8":2},"f":{},"b":{},"_coverageSchema":"332fd63041d2c1bcb487cc26dd0d5f7d97098a6c","hash":"e95f3710ab895c03fa5fba2fed02c8b2ab4f34fc"}
,"/Users/ayaliz01/Documents/_Projects/_ay/credit-cards-service/src/controllers/creditCard/validations.js": {"path":"/Users/ayaliz01/Documents/_Projects/_ay/credit-cards-service/src/controllers/creditCard/validations.js","statementMap":{"0":{"start":{"line":2,"column":30},"end":{"line":2,"column":61}},"1":{"start":{"line":4,"column":20},"end":{"line":43,"column":1}},"2":{"start":{"line":8,"column":35},"end":{"line":8,"column":65}},"3":{"start":{"line":26,"column":43},"end":{"line":26,"column":81}},"4":{"start":{"line":38,"column":12},"end":{"line":38,"column":59}},"5":{"start":{"line":45,"column":0},"end":{"line":55,"column":2}}},"fnMap":{"0":{"name":"(anonymous_0)","decl":{"start":{"line":8,"column":18},"end":{"line":8,"column":19}},"loc":{"start":{"line":8,"column":35},"end":{"line":8,"column":65}},"line":8},"1":{"name":"(anonymous_1)","decl":{"start":{"line":26,"column":18},"end":{"line":26,"column":19}},"loc":{"start":{"line":26,"column":43},"end":{"line":26,"column":81}},"line":26},"2":{"name":"(anonymous_2)","decl":{"start":{"line":37,"column":18},"end":{"line":37,"column":19}},"loc":{"start":{"line":37,"column":43},"end":{"line":39,"column":10}},"line":37}},"branchMap":{},"s":{"0":2,"1":2,"2":0,"3":6,"4":6,"5":2},"f":{"0":0,"1":6,"2":6},"b":{},"_coverageSchema":"332fd63041d2c1bcb487cc26dd0d5f7d97098a6c","hash":"4db75d287c9ee00421ccc4b9ff3dce35a15c3c32"}
,"/Users/ayaliz01/Documents/_Projects/_ay/credit-cards-service/src/libs/constants.js": {"path":"/Users/ayaliz01/Documents/_Projects/_ay/credit-cards-service/src/libs/constants.js","statementMap":{"0":{"start":{"line":1,"column":0},"end":{"line":7,"column":2}},"1":{"start":{"line":9,"column":0},"end":{"line":14,"column":4}}},"fnMap":{},"branchMap":{},"s":{"0":2,"1":2},"f":{},"b":{},"_coverageSchema":"332fd63041d2c1bcb487cc26dd0d5f7d97098a6c","hash":"ed2f8a86dff9f5998ec28c642314d1f9f250a3df"}
,"/Users/ayaliz01/Documents/_Projects/_ay/credit-cards-service/src/libs/utilities.js": {"path":"/Users/ayaliz01/Documents/_Projects/_ay/credit-cards-service/src/libs/utilities.js","statementMap":{"0":{"start":{"line":2,"column":3},"end":{"line":2,"column":48}},"1":{"start":{"line":6,"column":3},"end":{"line":6,"column":45}},"2":{"start":{"line":6,"column":32},"end":{"line":6,"column":45}},"3":{"start":{"line":8,"column":3},"end":{"line":8,"column":32}},"4":{"start":{"line":11,"column":0},"end":{"line":38,"column":2}},"5":{"start":{"line":13,"column":3},"end":{"line":15,"column":4}},"6":{"start":{"line":14,"column":6},"end":{"line":14,"column":19}},"7":{"start":{"line":17,"column":3},"end":{"line":17,"column":52}},"8":{"start":{"line":20,"column":16},"end":{"line":20,"column":17}},"9":{"start":{"line":21,"column":15},"end":{"line":21,"column":16}},"10":{"start":{"line":22,"column":14},"end":{"line":22,"column":19}},"11":{"start":{"line":23,"column":3},"end":{"line":23,"column":46}},"12":{"start":{"line":25,"column":3},"end":{"line":35,"column":4}},"13":{"start":{"line":26,"column":19},"end":{"line":26,"column":39}},"14":{"start":{"line":27,"column":18},"end":{"line":27,"column":38}},"15":{"start":{"line":29,"column":6},"end":{"line":31,"column":7}},"16":{"start":{"line":30,"column":9},"end":{"line":30,"column":44}},"17":{"start":{"line":30,"column":32},"end":{"line":30,"column":44}},"18":{"start":{"line":33,"column":6},"end":{"line":33,"column":23}},"19":{"start":{"line":34,"column":6},"end":{"line":34,"column":21}},"20":{"start":{"line":37,"column":3},"end":{"line":37,"column":27}}},"fnMap":{"0":{"name":"isNullOrUndefined","decl":{"start":{"line":1,"column":9},"end":{"line":1,"column":26}},"loc":{"start":{"line":1,"column":34},"end":{"line":3,"column":1}},"line":1},"1":{"name":"isNumericOnly","decl":{"start":{"line":5,"column":9},"end":{"line":5,"column":22}},"loc":{"start":{"line":5,"column":30},"end":{"line":9,"column":1}},"line":5},"2":{"name":"(anonymous_2)","decl":{"start":{"line":11,"column":35},"end":{"line":11,"column":36}},"loc":{"start":{"line":11,"column":56},"end":{"line":38,"column":1}},"line":11}},"branchMap":{"0":{"loc":{"start":{"line":2,"column":10},"end":{"line":2,"column":47}},"type":"binary-expr","locations":[{"start":{"line":2,"column":10},"end":{"line":2,"column":24}},{"start":{"line":2,"column":28},"end":{"line":2,"column":47}}],"line":2},"1":{"loc":{"start":{"line":6,"column":3},"end":{"line":6,"column":45}},"type":"if","locations":[{"start":{"line":6,"column":3},"end":{"line":6,"column":45}},{"start":{"line":6,"column":3},"end":{"line":6,"column":45}}],"line":6},"2":{"loc":{"start":{"line":13,"column":3},"end":{"line":15,"column":4}},"type":"if","locations":[{"start":{"line":13,"column":3},"end":{"line":15,"column":4}},{"start":{"line":13,"column":3},"end":{"line":15,"column":4}}],"line":13},"3":{"loc":{"start":{"line":29,"column":6},"end":{"line":31,"column":7}},"type":"if","locations":[{"start":{"line":29,"column":6},"end":{"line":31,"column":7}},{"start":{"line":29,"column":6},"end":{"line":31,"column":7}}],"line":29},"4":{"loc":{"start":{"line":30,"column":9},"end":{"line":30,"column":44}},"type":"if","locations":[{"start":{"line":30,"column":9},"end":{"line":30,"column":44}},{"start":{"line":30,"column":9},"end":{"line":30,"column":44}}],"line":30}},"s":{"0":6,"1":6,"2":2,"3":4,"4":2,"5":6,"6":3,"7":3,"8":0,"9":0,"10":0,"11":0,"12":0,"13":0,"14":0,"15":0,"16":0,"17":0,"18":0,"19":0,"20":0},"f":{"0":6,"1":6,"2":6},"b":{"0":[6,6],"1":[2,4],"2":[3,3],"3":[0,0],"4":[0,0]},"_coverageSchema":"332fd63041d2c1bcb487cc26dd0d5f7d97098a6c","hash":"d1c2c5e01dad3e6df026a462fe9837f3ba892f6c"}
,"/Users/ayaliz01/Documents/_Projects/_ay/credit-cards-service/src/middlewares/validationHandler.js": {"path":"/Users/ayaliz01/Documents/_Projects/_ay/credit-cards-service/src/middlewares/validationHandler.js","statementMap":{"0":{"start":{"line":1,"column":29},"end":{"line":1,"column":63}},"1":{"start":{"line":3,"column":24},"end":{"line":3,"column":52}},"2":{"start":{"line":6,"column":0},"end":{"line":18,"column":2}},"3":{"start":{"line":7,"column":3},"end":{"line":17,"column":5}},"4":{"start":{"line":8,"column":21},"end":{"line":8,"column":42}},"5":{"start":{"line":10,"column":6},"end":{"line":14,"column":7}},"6":{"start":{"line":11,"column":9},"end":{"line":13,"column":44}},"7":{"start":{"line":16,"column":6},"end":{"line":16,"column":13}}},"fnMap":{"0":{"name":"validationHandler","decl":{"start":{"line":6,"column":26},"end":{"line":6,"column":43}},"loc":{"start":{"line":6,"column":46},"end":{"line":18,"column":1}},"line":6},"1":{"name":"(anonymous_1)","decl":{"start":{"line":7,"column":10},"end":{"line":7,"column":11}},"loc":{"start":{"line":7,"column":30},"end":{"line":17,"column":4}},"line":7}},"branchMap":{"0":{"loc":{"start":{"line":10,"column":6},"end":{"line":14,"column":7}},"type":"if","locations":[{"start":{"line":10,"column":6},"end":{"line":14,"column":7}},{"start":{"line":10,"column":6},"end":{"line":14,"column":7}}],"line":10}},"s":{"0":2,"1":2,"2":2,"3":2,"4":6,"5":6,"6":5,"7":1},"f":{"0":2,"1":6},"b":{"0":[5,1]},"_coverageSchema":"332fd63041d2c1bcb487cc26dd0d5f7d97098a6c","hash":"0be61cffd4af0486ae69f79fb48522e8a91d4cf1"}
,"/Users/ayaliz01/Documents/_Projects/_ay/credit-cards-service/src/repositories/creditCard/creditCardRepository.js": {"path":"/Users/ayaliz01/Documents/_Projects/_ay/credit-cards-service/src/repositories/creditCard/creditCardRepository.js","statementMap":{"0":{"start":{"line":1,"column":30},"end":{"line":1,"column":61}},"1":{"start":{"line":2,"column":33},"end":{"line":2,"column":55}},"2":{"start":{"line":5,"column":0},"end":{"line":7,"column":2}},"3":{"start":{"line":6,"column":3},"end":{"line":6,"column":40}},"4":{"start":{"line":9,"column":0},"end":{"line":13,"column":2}},"5":{"start":{"line":10,"column":3},"end":{"line":10,"column":52}},"6":{"start":{"line":12,"column":3},"end":{"line":12,"column":50}}},"fnMap":{"0":{"name":"(anonymous_0)","decl":{"start":{"line":5,"column":24},"end":{"line":5,"column":25}},"loc":{"start":{"line":5,"column":35},"end":{"line":7,"column":1}},"line":5},"1":{"name":"(anonymous_1)","decl":{"start":{"line":9,"column":24},"end":{"line":9,"column":25}},"loc":{"start":{"line":9,"column":45},"end":{"line":13,"column":1}},"line":9}},"branchMap":{},"s":{"0":2,"1":2,"2":2,"3":2,"4":2,"5":1,"6":1},"f":{"0":2,"1":1},"b":{},"_coverageSchema":"332fd63041d2c1bcb487cc26dd0d5f7d97098a6c","hash":"f1108347f2eec5133606af5fae2a0cc8f0b67723"}
,"/Users/ayaliz01/Documents/_Projects/_ay/credit-cards-service/src/repositories/database/creditCardCollection.js": {"path":"/Users/ayaliz01/Documents/_Projects/_ay/credit-cards-service/src/repositories/database/creditCardCollection.js","statementMap":{"0":{"start":{"line":1,"column":20},"end":{"line":1,"column":22}},"1":{"start":{"line":3,"column":0},"end":{"line":5,"column":1}},"2":{"start":{"line":4,"column":3},"end":{"line":4,"column":27}},"3":{"start":{"line":7,"column":0},"end":{"line":9,"column":1}},"4":{"start":{"line":8,"column":3},"end":{"line":8,"column":32}}},"fnMap":{"0":{"name":"(anonymous_0)","decl":{"start":{"line":3,"column":24},"end":{"line":3,"column":25}},"loc":{"start":{"line":3,"column":35},"end":{"line":5,"column":1}},"line":3},"1":{"name":"(anonymous_1)","decl":{"start":{"line":7,"column":24},"end":{"line":7,"column":25}},"loc":{"start":{"line":7,"column":45},"end":{"line":9,"column":1}},"line":7}},"branchMap":{},"s":{"0":2,"1":2,"2":2,"3":2,"4":1},"f":{"0":2,"1":1},"b":{},"_coverageSchema":"332fd63041d2c1bcb487cc26dd0d5f7d97098a6c","hash":"2b14b6cfe9c1d93e033fc6053b98bd3041b10b49"}
,"/Users/ayaliz01/Documents/_Projects/_ay/credit-cards-service/src/repositories/database/index.js": {"path":"/Users/ayaliz01/Documents/_Projects/_ay/credit-cards-service/src/repositories/database/index.js","statementMap":{"0":{"start":{"line":1,"column":29},"end":{"line":1,"column":62}},"1":{"start":{"line":3,"column":0},"end":{"line":5,"column":2}}},"fnMap":{},"branchMap":{},"s":{"0":2,"1":2},"f":{},"b":{},"_coverageSchema":"332fd63041d2c1bcb487cc26dd0d5f7d97098a6c","hash":"b1aca18f42bd25f05be29e49ada2c227f6c256e7"}
,"/Users/ayaliz01/Documents/_Projects/_ay/credit-cards-service/test/controllers/creditCard/mockCreditcard.js": {"path":"/Users/ayaliz01/Documents/_Projects/_ay/credit-cards-service/test/controllers/creditCard/mockCreditcard.js","statementMap":{"0":{"start":{"line":1,"column":18},"end":{"line":1,"column":30}},"1":{"start":{"line":2,"column":26},"end":{"line":2,"column":40}},"2":{"start":{"line":3,"column":30},"end":{"line":3,"column":50}},"3":{"start":{"line":4,"column":24},"end":{"line":4,"column":40}},"4":{"start":{"line":5,"column":19},"end":{"line":5,"column":25}},"5":{"start":{"line":7,"column":0},"end":{"line":32,"column":2}}},"fnMap":{},"branchMap":{},"s":{"0":1,"1":1,"2":1,"3":1,"4":1,"5":1},"f":{},"b":{},"_coverageSchema":"332fd63041d2c1bcb487cc26dd0d5f7d97098a6c","hash":"0b314734f2394ee1aef8c648fd59e581f2c0fbdb"}
}
