TN:
SF:/Users/ayaliz01/Documents/_Projects/_ay/credit-cards-service/src/router.js
FN:7,(anonymous_0)
FNF:1
FNH:1
FNDA:1,(anonymous_0)
DA:1,2
DA:3,2
DA:4,2
DA:7,2
DA:8,1
DA:11,2
DA:13,2
LF:7
LH:7
BRF:0
BRH:0
end_of_record
TN:
SF:/Users/ayaliz01/Documents/_Projects/_ay/credit-cards-service/src/server.js
FNF:0
FNH:0
DA:1,2
DA:2,2
DA:4,2
DA:5,2
DA:8,2
DA:10,2
DA:11,2
DA:13,2
LF:8
LH:8
BRF:0
BRH:0
end_of_record
TN:
SF:/Users/ayaliz01/Documents/_Projects/_ay/credit-cards-service/src/config/index.js
FNF:0
FNH:0
DA:1,2
DA:4,2
DA:5,2
DA:7,0
DA:10,2
LF:5
LH:4
BRDA:4,0,0,2
BRDA:4,0,1,0
BRF:2
BRH:1
end_of_record
TN:
SF:/Users/ayaliz01/Documents/_Projects/_ay/credit-cards-service/src/controllers/creditCard/creditCardController.js
FN:5,(anonymous_0)
FN:11,(anonymous_1)
FNF:2
FNH:2
FNDA:2,(anonymous_0)
FNDA:1,(anonymous_1)
DA:1,2
DA:2,2
DA:5,2
DA:6,2
DA:8,2
DA:11,2
DA:12,1
DA:14,1
DA:16,1
LF:9
LH:9
BRF:0
BRH:0
end_of_record
TN:
SF:/Users/ayaliz01/Documents/_Projects/_ay/credit-cards-service/src/controllers/creditCard/routes.js
FNF:0
FNH:0
DA:1,2
DA:2,2
DA:4,2
DA:5,2
DA:6,2
DA:9,2
DA:11,2
DA:15,2
DA:24,2
LF:9
LH:9
BRF:0
BRH:0
end_of_record
TN:
SF:/Users/ayaliz01/Documents/_Projects/_ay/credit-cards-service/src/controllers/creditCard/validations.js
FN:8,(anonymous_0)
FN:26,(anonymous_1)
FN:37,(anonymous_2)
FNF:3
FNH:2
FNDA:0,(anonymous_0)
FNDA:6,(anonymous_1)
FNDA:6,(anonymous_2)
DA:2,2
DA:4,2
DA:8,0
DA:26,6
DA:38,6
DA:45,2
LF:6
LH:5
BRF:0
BRH:0
end_of_record
TN:
SF:/Users/ayaliz01/Documents/_Projects/_ay/credit-cards-service/src/libs/constants.js
FNF:0
FNH:0
DA:1,2
DA:9,2
LF:2
LH:2
BRF:0
BRH:0
end_of_record
TN:
SF:/Users/ayaliz01/Documents/_Projects/_ay/credit-cards-service/src/libs/utilities.js
FN:1,isNullOrUndefined
FN:5,isNumericOnly
FN:11,(anonymous_2)
FNF:3
FNH:3
FNDA:6,isNullOrUndefined
FNDA:6,isNumericOnly
FNDA:6,(anonymous_2)
DA:2,6
DA:6,6
DA:8,4
DA:11,2
DA:13,6
DA:14,3
DA:17,3
DA:20,0
DA:21,0
DA:22,0
DA:23,0
DA:25,0
DA:26,0
DA:27,0
DA:29,0
DA:30,0
DA:33,0
DA:34,0
DA:37,0
LF:19
LH:7
BRDA:2,0,0,6
BRDA:2,0,1,6
BRDA:6,1,0,2
BRDA:6,1,1,4
BRDA:13,2,0,3
BRDA:13,2,1,3
BRDA:29,3,0,0
BRDA:29,3,1,0
BRDA:30,4,0,0
BRDA:30,4,1,0
BRF:10
BRH:6
end_of_record
TN:
SF:/Users/ayaliz01/Documents/_Projects/_ay/credit-cards-service/src/middlewares/validationHandler.js
FN:6,validationHandler
FN:7,(anonymous_1)
FNF:2
FNH:2
FNDA:2,validationHandler
FNDA:6,(anonymous_1)
DA:1,2
DA:3,2
DA:6,2
DA:7,2
DA:8,6
DA:10,6
DA:11,5
DA:16,1
LF:8
LH:8
BRDA:10,0,0,5
BRDA:10,0,1,1
BRF:2
BRH:2
end_of_record
TN:
SF:/Users/ayaliz01/Documents/_Projects/_ay/credit-cards-service/src/repositories/creditCard/creditCardRepository.js
FN:5,(anonymous_0)
FN:9,(anonymous_1)
FNF:2
FNH:2
FNDA:2,(anonymous_0)
FNDA:1,(anonymous_1)
DA:1,2
DA:2,2
DA:5,2
DA:6,2
DA:9,2
DA:10,1
DA:12,1
LF:7
LH:7
BRF:0
BRH:0
end_of_record
TN:
SF:/Users/ayaliz01/Documents/_Projects/_ay/credit-cards-service/src/repositories/database/creditCardCollection.js
FN:3,(anonymous_0)
FN:7,(anonymous_1)
FNF:2
FNH:2
FNDA:2,(anonymous_0)
FNDA:1,(anonymous_1)
DA:1,2
DA:3,2
DA:4,2
DA:7,2
DA:8,1
LF:5
LH:5
BRF:0
BRH:0
end_of_record
TN:
SF:/Users/ayaliz01/Documents/_Projects/_ay/credit-cards-service/src/repositories/database/index.js
FNF:0
FNH:0
DA:1,2
DA:3,2
LF:2
LH:2
BRF:0
BRH:0
end_of_record
TN:
SF:/Users/ayaliz01/Documents/_Projects/_ay/credit-cards-service/test/controllers/creditCard/mockCreditcard.js
FNF:0
FNH:0
DA:1,1
DA:2,1
DA:3,1
DA:4,1
DA:5,1
DA:7,1
LF:6
LH:6
BRF:0
BRH:0
end_of_record
